<?xml version="1.0" encoding="UTF-8"?>
<!-- Generated by org.testng.reporters.JUnitXMLReporter -->
<testsuite ignored="0" hostname="ravi-mac.local" failures="0" tests="1" name="/Users/ravi.manne/ReusuableFramework/Azure/ls1-tests/src/test/java/runners/TestCase01.java" time="6.306" errors="0" timestamp="2024-11-18T11:47:46 IST">
  <testcase classname="runners.TestCase01" name="test01" time="6.294"/>
</testsuite> <!-- /Users/ravi.manne/ReusuableFramework/Azure/ls1-tests/src/test/java/runners/TestCase01.java -->
