<?xml version="1.0" encoding="UTF-8"?>
<testng-results ignored="0" total="4" passed="4" failed="0" skipped="0">
  <reporter-output>
  </reporter-output>
  <suite started-at="2024-12-13T11:28:24 IST" name="All Test Suite" finished-at="2024-12-13T11:30:28 IST" duration-ms="124392">
    <groups>
      <group name="cucumber">
        <method signature="AbstractTestNGCucumberTests.runScenario(io.cucumber.testng.PickleWrapper,io.cucumber.testng.FeatureWrapper)[pri:0, instance:runners.TestRunner@700fb871]" name="runScenario" class="io.cucumber.testng.AbstractTestNGCucumberTests"/>
      </group> <!-- cucumber -->
    </groups>
    <test started-at="2024-12-13T11:28:24 IST" name="Smoke tests" finished-at="2024-12-13T11:30:28 IST" duration-ms="124392">
      <class name="runners.TestRunner">
        <test-method is-config="true" signature="setUpClass(org.testng.ITestContext)[pri:0, instance:runners.TestRunner@700fb871]" started-at="2024-12-13T11:28:24 IST" name="setUpClass" finished-at="2024-12-13T11:28:24 IST" duration-ms="182" status="PASS">
          <params>
            <param index="0">
              <value>
                <![CDATA[org.testng.TestRunner@4c2bb6e0]]>
              </value>
            </param>
          </params>
          <reporter-output>
          </reporter-output>
        </test-method> <!-- setUpClass -->
        <test-method is-config="true" signature="beforeClass(java.lang.String)[pri:0, instance:runners.TestRunner@700fb871]" started-at="2024-12-13T11:28:24 IST" name="beforeClass" finished-at="2024-12-13T11:28:24 IST" duration-ms="52" status="PASS">
          <params>
            <param index="0">
              <value is-null="true"/>
            </param>
          </params>
          <reporter-output>
          </reporter-output>
        </test-method> <!-- beforeClass -->
        <test-method signature="runScenario(io.cucumber.testng.PickleWrapper,io.cucumber.testng.FeatureWrapper)[pri:0, instance:runners.TestRunner@700fb871]" started-at="2024-12-13T11:28:24 IST" name="runScenario" description="Runs Cucumber Scenarios" data-provider="scenarios" finished-at="2024-12-13T11:28:53 IST" duration-ms="29014" status="PASS">
          <params>
            <param index="0">
              <value>
                <![CDATA["Validate Receive Only Connectivity SFU - SFU"]]>
              </value>
            </param>
            <param index="1">
              <value>
                <![CDATA["Validate join and Drop functionality"]]>
              </value>
            </param>
          </params>
          <reporter-output>
          </reporter-output>
        </test-method> <!-- runScenario -->
        <test-method signature="runScenario(io.cucumber.testng.PickleWrapper,io.cucumber.testng.FeatureWrapper)[pri:0, instance:runners.TestRunner@700fb871]" started-at="2024-12-13T11:28:53 IST" name="runScenario" description="Runs Cucumber Scenarios" data-provider="scenarios" finished-at="2024-12-13T11:29:23 IST" duration-ms="29566" status="PASS">
          <params>
            <param index="0">
              <value>
                <![CDATA["Validate Receive Only Connectivity SFU - MCU"]]>
              </value>
            </param>
            <param index="1">
              <value>
                <![CDATA["Validate join and Drop functionality"]]>
              </value>
            </param>
          </params>
          <reporter-output>
          </reporter-output>
        </test-method> <!-- runScenario -->
        <test-method signature="runScenario(io.cucumber.testng.PickleWrapper,io.cucumber.testng.FeatureWrapper)[pri:0, instance:runners.TestRunner@700fb871]" started-at="2024-12-13T11:29:23 IST" name="runScenario" description="Runs Cucumber Scenarios" data-provider="scenarios" finished-at="2024-12-13T11:29:56 IST" duration-ms="33359" status="PASS">
          <params>
            <param index="0">
              <value>
                <![CDATA["Validate Receive Only Connectivity MCU - SFU"]]>
              </value>
            </param>
            <param index="1">
              <value>
                <![CDATA["Validate join and Drop functionality"]]>
              </value>
            </param>
          </params>
          <reporter-output>
          </reporter-output>
        </test-method> <!-- runScenario -->
        <test-method signature="runScenario(io.cucumber.testng.PickleWrapper,io.cucumber.testng.FeatureWrapper)[pri:0, instance:runners.TestRunner@700fb871]" started-at="2024-12-13T11:29:56 IST" name="runScenario" description="Runs Cucumber Scenarios" data-provider="scenarios" finished-at="2024-12-13T11:30:28 IST" duration-ms="32186" status="PASS">
          <params>
            <param index="0">
              <value>
                <![CDATA["Validate Receive Only Connectivity MCU - MCU"]]>
              </value>
            </param>
            <param index="1">
              <value>
                <![CDATA["Validate join and Drop functionality"]]>
              </value>
            </param>
          </params>
          <reporter-output>
          </reporter-output>
        </test-method> <!-- runScenario -->
        <test-method is-config="true" signature="tearDownClass()[pri:0, instance:runners.TestRunner@700fb871]" started-at="2024-12-13T11:30:28 IST" name="tearDownClass" finished-at="2024-12-13T11:30:28 IST" duration-ms="22" status="PASS">
          <reporter-output>
          </reporter-output>
        </test-method> <!-- tearDownClass -->
      </class> <!-- runners.TestRunner -->
    </test> <!-- Smoke tests -->
  </suite> <!-- All Test Suite -->
</testng-results>
